2024-10-29 19:57:11,339 - app.routes.checkin - INFO - Received request to get all checkins
2024-10-29 19:57:11,353 - app.routes.checkin - INFO - All checkins retrieved: [{'checkin_id': 1, 'occupant_name': '许小大', 'employee_id': '12344321', 'room_number': '1701', 'reason': '因公', 'checkin_date': '2024-10-24', 'checkout_date': '2024-10-31', 'is_historical': 1}, {'checkin_id': 2, 'occupant_name': '许小小', 'employee_id': '14411441', 'room_number': '1701', 'reason': '因公', 'checkin_date': '2024-10-24', 'checkout_date': '2024-10-30', 'is_historical': 1}]
2024-10-29 19:57:51,816 - app.routes.checkin - INFO - Received request to get all checkins
2024-10-29 19:57:51,816 - app.routes.checkin - INFO - All checkins retrieved: [{'checkin_id': 1, 'occupant_name': '许小大', 'employee_id': '12344321', 'room_number': '1701', 'reason': '因公', 'checkin_date': '2024-10-24', 'checkout_date': '2024-10-31', 'is_historical': 1}, {'checkin_id': 2, 'occupant_name': '许小小', 'employee_id': '14411441', 'room_number': '1701', 'reason': '因公', 'checkin_date': '2024-10-24', 'checkout_date': '2024-10-30', 'is_historical': 1}]
2024-10-29 19:58:01,029 - app.routes.checkin - INFO - Received request to get all checkins
2024-10-29 19:58:01,031 - app.routes.checkin - INFO - All checkins retrieved: []
2024-10-29 19:58:10,166 - app.routes.checkin - INFO - Received request to get all checkins
2024-10-29 19:58:10,168 - app.routes.checkin - INFO - All checkins retrieved: [{'checkin_id': 1, 'occupant_name': '许小大', 'employee_id': '12344321', 'room_number': '1701', 'reason': '因公', 'checkin_date': '2024-10-24', 'checkout_date': '2024-10-31', 'is_historical': 1}, {'checkin_id': 2, 'occupant_name': '许小小', 'employee_id': '14411441', 'room_number': '1701', 'reason': '因公', 'checkin_date': '2024-10-24', 'checkout_date': '2024-10-30', 'is_historical': 1}]
2024-10-29 20:00:45,612 - app.routes.checkin - INFO - Received request to get all checkins
2024-10-29 20:00:45,614 - app.routes.checkin - INFO - All checkins retrieved: []
2024-10-29 20:00:52,729 - app.routes.checkin - INFO - Received request to get all checkins
2024-10-29 20:00:52,730 - app.routes.checkin - INFO - All checkins retrieved: [{'checkin_id': 1, 'occupant_name': '许小大', 'employee_id': '12344321', 'room_number': '1701', 'reason': '因公', 'checkin_date': '2024-10-24', 'checkout_date': '2024-10-31', 'is_historical': 1}, {'checkin_id': 2, 'occupant_name': '许小小', 'employee_id': '14411441', 'room_number': '1701', 'reason': '因公', 'checkin_date': '2024-10-24', 'checkout_date': '2024-10-30', 'is_historical': 1}]
2024-10-29 20:01:12,258 - app.routes.checkin - INFO - Received request to get all checkins
2024-10-29 20:01:12,259 - app.routes.checkin - INFO - All checkins retrieved: [{'checkin_id': 1, 'occupant_name': '许小大', 'employee_id': '12344321', 'room_number': '1701', 'reason': '因公', 'checkin_date': '2024-10-24', 'checkout_date': '2024-10-31', 'is_historical': 1}, {'checkin_id': 2, 'occupant_name': '许小小', 'employee_id': '14411441', 'room_number': '1701', 'reason': '因公', 'checkin_date': '2024-10-24', 'checkout_date': '2024-10-30', 'is_historical': 1}]
2024-10-29 20:02:01,852 - app.routes.checkin - INFO - Received request to get all checkins
2024-10-29 20:02:01,854 - app.routes.checkin - INFO - All checkins retrieved: [{'checkin_id': 1, 'occupant_name': '许小大', 'employee_id': '12344321', 'room_number': '1701', 'reason': '因公', 'checkin_date': '2024-10-24', 'checkout_date': '2024-10-31', 'is_historical': 1}, {'checkin_id': 2, 'occupant_name': '许小小', 'employee_id': '14411441', 'room_number': '1701', 'reason': '因公', 'checkin_date': '2024-10-24', 'checkout_date': '2024-10-30', 'is_historical': 1}]
2024-10-29 20:02:07,668 - app.routes.checkin - INFO - Received request to delete checkin info by ID: 1
2024-10-29 20:02:07,675 - app.routes.checkin - INFO - Checkin with ID 1 deleted successfully
2024-10-29 20:02:09,668 - app.routes.checkin - INFO - Received request to get all checkins
2024-10-29 20:02:09,668 - app.routes.checkin - INFO - All checkins retrieved: [{'checkin_id': 2, 'occupant_name': '许小小', 'employee_id': '14411441', 'room_number': '1701', 'reason': '因公', 'checkin_date': '2024-10-24', 'checkout_date': '2024-10-30', 'is_historical': 1}]
2024-10-29 20:02:49,531 - app.routes.checkin - INFO - Received request to get all checkins
2024-10-29 20:02:49,532 - app.routes.checkin - INFO - All checkins retrieved: [{'checkin_id': 2, 'occupant_name': '许小小', 'employee_id': '14411441', 'room_number': '1701', 'reason': '因公', 'checkin_date': '2024-10-24', 'checkout_date': '2024-10-30', 'is_historical': 1}]
2024-10-29 20:03:03,893 - app.routes.checkin - INFO - Received request to get all checkins
2024-10-29 20:03:03,895 - app.routes.checkin - INFO - All checkins retrieved: []
2024-10-29 20:03:06,433 - app.routes.checkin - INFO - Received request to get all checkins
2024-10-29 20:03:06,433 - app.routes.checkin - INFO - All checkins retrieved: [{'checkin_id': 2, 'occupant_name': '许小小', 'employee_id': '14411441', 'room_number': '1701', 'reason': '因公', 'checkin_date': '2024-10-24', 'checkout_date': '2024-10-30', 'is_historical': 1}]
2024-10-29 20:03:15,321 - app.routes.checkin - INFO - Received request to get all checkins
2024-10-29 20:03:15,322 - app.routes.checkin - INFO - All checkins retrieved: [{'checkin_id': 2, 'occupant_name': '许小小', 'employee_id': '14411441', 'room_number': '1701', 'reason': '因公', 'checkin_date': '2024-10-24', 'checkout_date': '2024-10-30', 'is_historical': 1}]
2024-10-29 20:03:55,279 - app.routes.checkin - INFO - Received request to get all checkins
2024-10-29 20:03:55,280 - app.routes.checkin - INFO - All checkins retrieved: [{'checkin_id': 2, 'occupant_name': '许小小', 'employee_id': '14411441', 'room_number': '1701', 'reason': '因公', 'checkin_date': '2024-10-24', 'checkout_date': '2024-10-30', 'is_historical': 1}]
2024-10-29 20:04:09,364 - app.routes.checkin - INFO - Received request to add checkin info: {'occupant_name': '小许', 'checkin_date': datetime.datetime(2024, 10, 31, 0, 0), 'room_number': 1702, 'reason': '因公', 'checkout_date': datetime.datetime(2024, 11, 2, 0, 0), 'employee_id': 1144114}
2024-10-29 20:04:09,380 - app.routes.checkin - INFO - Checkin added successfully: {'checkin_id': 3, 'occupant_name': '小许', 'employee_id': '1144114', 'room_number': '1702', 'reason': '因公', 'checkin_date': '2024-10-31', 'checkout_date': '2024-11-02', 'is_historical': 0}
2024-10-29 20:04:09,437 - app.routes.checkin - INFO - Received request to get all checkins
2024-10-29 20:04:09,437 - app.routes.checkin - INFO - All checkins retrieved: [{'checkin_id': 2, 'occupant_name': '许小小', 'employee_id': '14411441', 'room_number': '1701', 'reason': '因公', 'checkin_date': '2024-10-24', 'checkout_date': '2024-10-30', 'is_historical': 1}, {'checkin_id': 3, 'occupant_name': '小许', 'employee_id': '1144114', 'room_number': '1702', 'reason': '因公', 'checkin_date': '2024-10-31', 'checkout_date': '2024-11-02', 'is_historical': 0}]
2024-10-29 20:04:22,112 - app.routes.checkin - INFO - Received request to get all checkins
2024-10-29 20:04:22,113 - app.routes.checkin - INFO - All checkins retrieved: [{'checkin_id': 3, 'occupant_name': '小许', 'employee_id': '1144114', 'room_number': '1702', 'reason': '因公', 'checkin_date': '2024-10-31', 'checkout_date': '2024-11-02', 'is_historical': 0}]
2024-10-29 20:04:27,289 - app.routes.checkin - INFO - Received request to checkout checkin: {'checkin_id': 3}
2024-10-29 20:04:27,297 - app.routes.checkin - INFO - Checkin checked out successfully: {'checkin_id': 3, 'occupant_name': '小许', 'employee_id': '1144114', 'room_number': '1702', 'reason': '因公', 'checkin_date': '2024-10-31', 'checkout_date': '2024-11-02', 'is_historical': 1}
2024-10-29 20:04:29,300 - app.routes.checkin - INFO - Received request to get all checkins
2024-10-29 20:04:29,301 - app.routes.checkin - INFO - All checkins retrieved: []
2024-10-29 20:04:54,630 - app.routes.checkin - INFO - Received request to get all checkins
2024-10-29 20:04:54,631 - app.routes.checkin - INFO - All checkins retrieved: [{'checkin_id': 2, 'occupant_name': '许小小', 'employee_id': '14411441', 'room_number': '1701', 'reason': '因公', 'checkin_date': '2024-10-24', 'checkout_date': '2024-10-30', 'is_historical': 1}, {'checkin_id': 3, 'occupant_name': '小许', 'employee_id': '1144114', 'room_number': '1702', 'reason': '因公', 'checkin_date': '2024-10-31', 'checkout_date': '2024-11-02', 'is_historical': 1}]
2024-10-29 20:34:42,029 - app.routes.checkin - INFO - Received request to add checkin info: {'occupant_name': '嘘嘘嘘', 'checkin_date': datetime.datetime(2024, 10, 18, 0, 0), 'employee_id': 1123123, 'checkout_date': datetime.datetime(2024, 10, 28, 0, 0), 'room_number': 1701, 'reason': '因公'}
2024-10-29 20:34:42,051 - app.routes.checkin - INFO - Checkin added successfully: {'checkin_id': 4, 'occupant_name': '嘘嘘嘘', 'employee_id': '1123123', 'room_number': '1701', 'reason': '因公', 'checkin_date': '2024-10-18', 'checkout_date': '2024-10-28', 'is_historical': 0}
2024-10-29 20:34:51,035 - app.routes.checkin - INFO - Received request to get all checkins
2024-10-29 20:34:51,037 - app.routes.checkin - INFO - All checkins retrieved: [{'checkin_id': 4, 'occupant_name': '嘘嘘嘘', 'employee_id': '1123123', 'room_number': '1701', 'reason': '因公', 'checkin_date': '2024-10-18', 'checkout_date': '2024-10-28', 'is_historical': 0}]
2024-10-29 20:40:22,987 - app.routes.checkin - INFO - Received request to get all checkins
2024-10-29 20:40:22,998 - app.routes.checkin - INFO - All checkins retrieved: [{'checkin_id': 4, 'occupant_name': '嘘嘘嘘', 'employee_id': '1123123', 'room_number': '1701', 'reason': '因公', 'checkin_date': '2024-10-18', 'checkout_date': '2024-10-28', 'is_historical': 0}]
2024-10-29 20:40:27,923 - app.routes.checkin - INFO - Received request to get all checkins
2024-10-29 20:40:27,924 - app.routes.checkin - INFO - All checkins retrieved: [{'checkin_id': 2, 'occupant_name': '许小小', 'employee_id': '14411441', 'room_number': '1701', 'reason': '因公', 'checkin_date': '2024-10-24', 'checkout_date': '2024-10-30', 'is_historical': 1}, {'checkin_id': 3, 'occupant_name': '小许', 'employee_id': '1144114', 'room_number': '1702', 'reason': '因公', 'checkin_date': '2024-10-31', 'checkout_date': '2024-11-02', 'is_historical': 1}]
2024-10-29 20:40:29,216 - app.routes.checkin - INFO - Received request to get all checkins
2024-10-29 20:40:29,217 - app.routes.checkin - INFO - All checkins retrieved: [{'checkin_id': 4, 'occupant_name': '嘘嘘嘘', 'employee_id': '1123123', 'room_number': '1701', 'reason': '因公', 'checkin_date': '2024-10-18', 'checkout_date': '2024-10-28', 'is_historical': 0}]
